2021-04-20 13:35:16.801  INFO 92730 --- [main] com.example.demo.SareetaApplication      : Starting SareetaApplication on Viktors-MBP.lan with PID 92730 (started by v1ktor in /Users/v1ktor/Projects/BePrepared/udacityJavaWeb/Project 4/eCommerceWebApp/starter_code)
2021-04-20 13:35:16.804  INFO 92730 --- [main] com.example.demo.SareetaApplication      : No active profile set, falling back to default profiles: default
2021-04-20 13:35:17.553  INFO 92730 --- [main] .s.d.r.c.RepositoryConfigurationDelegate : Bootstrapping Spring Data repositories in DEFAULT mode.
2021-04-20 13:35:17.633  INFO 92730 --- [main] .s.d.r.c.RepositoryConfigurationDelegate : Finished Spring Data repository scanning in 72ms. Found 4 repository interfaces.
2021-04-20 13:35:18.116  INFO 92730 --- [main] trationDelegate$BeanPostProcessorChecker : Bean 'org.springframework.transaction.annotation.ProxyTransactionManagementConfiguration' of type [org.springframework.transaction.annotation.ProxyTransactionManagementConfiguration$$EnhancerBySpringCGLIB$$9233c2e1] is not eligible for getting processed by all BeanPostProcessors (for example: not eligible for auto-proxying)
2021-04-20 13:35:18.387  INFO 92730 --- [main] o.s.b.w.embedded.tomcat.TomcatWebServer  : Tomcat initialized with port(s): 8080 (http)
2021-04-20 13:35:18.412  INFO 92730 --- [main] o.apache.catalina.core.StandardService   : Starting service [Tomcat]
2021-04-20 13:35:18.412  INFO 92730 --- [main] org.apache.catalina.core.StandardEngine  : Starting Servlet engine: [Apache Tomcat/9.0.19]
2021-04-20 13:35:18.530  INFO 92730 --- [main] o.a.c.c.C.[Tomcat].[localhost].[/]       : Initializing Spring embedded WebApplicationContext
2021-04-20 13:35:18.530  INFO 92730 --- [main] o.s.web.context.ContextLoader            : Root WebApplicationContext: initialization completed in 1674 ms
2021-04-20 13:35:18.706  INFO 92730 --- [main] com.zaxxer.hikari.HikariDataSource       : HikariPool-1 - Starting...
2021-04-20 13:35:18.872  INFO 92730 --- [main] com.zaxxer.hikari.HikariDataSource       : HikariPool-1 - Start completed.
2021-04-20 13:35:18.927  INFO 92730 --- [main] o.hibernate.jpa.internal.util.LogHelper  : HHH000204: Processing PersistenceUnitInfo [
	name: default
	...]
2021-04-20 13:35:19.000  INFO 92730 --- [main] org.hibernate.Version                    : HHH000412: Hibernate Core {5.3.10.Final}
2021-04-20 13:35:19.001  INFO 92730 --- [main] org.hibernate.cfg.Environment            : HHH000206: hibernate.properties not found
2021-04-20 13:35:19.159  INFO 92730 --- [main] o.hibernate.annotations.common.Version   : HCANN000001: Hibernate Commons Annotations {5.0.4.Final}
2021-04-20 13:35:19.294  INFO 92730 --- [main] org.hibernate.dialect.Dialect            : HHH000400: Using dialect: org.hibernate.dialect.H2Dialect
2021-04-20 13:35:19.985  INFO 92730 --- [main] j.LocalContainerEntityManagerFactoryBean : Initialized JPA EntityManagerFactory for persistence unit 'default'
2021-04-20 13:35:20.798  WARN 92730 --- [main] aWebConfiguration$JpaWebMvcConfiguration : spring.jpa.open-in-view is enabled by default. Therefore, database queries may be performed during view rendering. Explicitly configure spring.jpa.open-in-view to disable this warning
2021-04-20 13:35:21.001  INFO 92730 --- [main] o.s.s.web.DefaultSecurityFilterChain     : Creating filter chain: any request, [org.springframework.security.web.context.request.async.WebAsyncManagerIntegrationFilter@6fe9c048, org.springframework.security.web.context.SecurityContextPersistenceFilter@10b3ea72, org.springframework.security.web.header.HeaderWriterFilter@6c4d0224, org.springframework.web.filter.CorsFilter@54d46c8, org.springframework.security.web.authentication.logout.LogoutFilter@3e73f5e7, com.example.demo.security.JWTAuthenticationFilter@1ddba7a0, com.example.demo.security.JWTAuthenticationVerficationFilter@5c34b0f2, org.springframework.security.web.savedrequest.RequestCacheAwareFilter@618fb1, org.springframework.security.web.servletapi.SecurityContextHolderAwareRequestFilter@33b2ba25, org.springframework.security.web.authentication.AnonymousAuthenticationFilter@7dfec0bc, org.springframework.security.web.session.SessionManagementFilter@32cec678, org.springframework.security.web.access.ExceptionTranslationFilter@7f94541b, org.springframework.security.web.access.intercept.FilterSecurityInterceptor@39403943]
2021-04-20 13:35:21.241  INFO 92730 --- [main] o.s.s.concurrent.ThreadPoolTaskExecutor  : Initializing ExecutorService 'applicationTaskExecutor'
2021-04-20 13:35:22.070  INFO 92730 --- [main] o.s.b.w.embedded.tomcat.TomcatWebServer  : Tomcat started on port(s): 8080 (http) with context path ''
2021-04-20 13:35:22.073  INFO 92730 --- [main] com.example.demo.SareetaApplication      : Started SareetaApplication in 5.587 seconds (JVM running for 6.018)
2021-04-20 13:35:46.599  INFO 92730 --- [http-nio-8080-exec-2] o.a.c.c.C.[Tomcat].[localhost].[/]       : Initializing Spring DispatcherServlet 'dispatcherServlet'
2021-04-20 13:35:46.599  INFO 92730 --- [http-nio-8080-exec-2] o.s.web.servlet.DispatcherServlet        : Initializing Servlet 'dispatcherServlet'
2021-04-20 13:35:46.606  INFO 92730 --- [http-nio-8080-exec-2] o.s.web.servlet.DispatcherServlet        : Completed initialization in 7 ms
2021-04-20 13:35:46.617  WARN 92730 --- [http-nio-8080-exec-2] e.d.s.JWTAuthenticationVerficationFilter : Warning Authentication Verification. Wrong header in doFilterInternal.
2021-04-20 13:35:46.622  WARN 92730 --- [http-nio-8080-exec-2] e.d.s.JWTAuthenticationVerficationFilter : Warning Authentication Verification. Wrong header in doFilterInternal.
2021-04-20 13:35:46.708 ERROR 92730 --- [http-nio-8080-exec-2] c.e.demo.controllers.UserController      : Create user error. Password is not correct
2021-04-20 13:35:55.352  WARN 92730 --- [http-nio-8080-exec-4] e.d.s.JWTAuthenticationVerficationFilter : Warning Authentication Verification. Wrong header in doFilterInternal.
2021-04-20 13:35:55.352  WARN 92730 --- [http-nio-8080-exec-4] e.d.s.JWTAuthenticationVerficationFilter : Warning Authentication Verification. Wrong header in doFilterInternal.
2021-04-20 13:35:55.355 ERROR 92730 --- [http-nio-8080-exec-4] c.e.demo.controllers.UserController      : Create user error. Password is not correct
2021-04-20 13:36:00.173  WARN 92730 --- [http-nio-8080-exec-6] e.d.s.JWTAuthenticationVerficationFilter : Warning Authentication Verification. Wrong header in doFilterInternal.
2021-04-20 13:36:00.173  WARN 92730 --- [http-nio-8080-exec-6] e.d.s.JWTAuthenticationVerficationFilter : Warning Authentication Verification. Wrong header in doFilterInternal.
2021-04-20 13:36:00.258  INFO 92730 --- [http-nio-8080-exec-6] c.e.demo.controllers.UserController      : User created. Username: test
2021-04-20 13:36:21.674  INFO 92730 --- [http-nio-8080-exec-7] o.h.h.i.QueryTranslatorFactoryInitiator  : HHH000397: Using ASTQueryTranslatorFactory
2021-04-20 13:36:49.136  INFO 92730 --- [http-nio-8080-exec-8] e.d.s.JWTAuthenticationVerficationFilter : Successful Authentication Verification.
2021-04-20 13:36:49.138  INFO 92730 --- [http-nio-8080-exec-8] e.d.s.JWTAuthenticationVerficationFilter : Successful Authentication Verification.
2021-04-20 13:36:57.601  INFO 92730 --- [http-nio-8080-exec-9] e.d.s.JWTAuthenticationVerficationFilter : Successful Authentication Verification.
2021-04-20 13:36:57.603  INFO 92730 --- [http-nio-8080-exec-9] e.d.s.JWTAuthenticationVerficationFilter : Successful Authentication Verification.
2021-04-20 13:37:07.643  INFO 92730 --- [http-nio-8080-exec-10] e.d.s.JWTAuthenticationVerficationFilter : Successful Authentication Verification.
2021-04-20 13:37:07.645  INFO 92730 --- [http-nio-8080-exec-10] e.d.s.JWTAuthenticationVerficationFilter : Successful Authentication Verification.
2021-04-20 13:37:22.041  INFO 92730 --- [http-nio-8080-exec-1] e.d.s.JWTAuthenticationVerficationFilter : Successful Authentication Verification.
2021-04-20 13:37:22.042  INFO 92730 --- [http-nio-8080-exec-1] e.d.s.JWTAuthenticationVerficationFilter : Successful Authentication Verification.
2021-04-20 13:37:22.065  INFO 92730 --- [http-nio-8080-exec-1] c.e.demo.controllers.CartController      : Cart was updated(added).
2021-04-20 13:37:45.769  INFO 92730 --- [http-nio-8080-exec-2] e.d.s.JWTAuthenticationVerficationFilter : Successful Authentication Verification.
2021-04-20 13:37:45.770  INFO 92730 --- [http-nio-8080-exec-2] e.d.s.JWTAuthenticationVerficationFilter : Successful Authentication Verification.
2021-04-20 13:37:45.773 ERROR 92730 --- [http-nio-8080-exec-2] c.e.demo.controllers.OrderController     : Create Order Error. User not found. Username: test2
2021-04-20 13:37:52.832  INFO 92730 --- [http-nio-8080-exec-3] e.d.s.JWTAuthenticationVerficationFilter : Successful Authentication Verification.
2021-04-20 13:37:52.833  INFO 92730 --- [http-nio-8080-exec-3] e.d.s.JWTAuthenticationVerficationFilter : Successful Authentication Verification.
2021-04-20 13:37:52.835 ERROR 92730 --- [http-nio-8080-exec-3] c.e.demo.controllers.OrderController     : Create Order Error. User not found. Username: test3
2021-04-20 13:37:55.162  INFO 92730 --- [http-nio-8080-exec-4] e.d.s.JWTAuthenticationVerficationFilter : Successful Authentication Verification.
2021-04-20 13:37:55.164  INFO 92730 --- [http-nio-8080-exec-4] e.d.s.JWTAuthenticationVerficationFilter : Successful Authentication Verification.
2021-04-20 13:37:55.173  INFO 92730 --- [http-nio-8080-exec-4] c.e.demo.controllers.OrderController     : Order submitted.
2021-04-20 13:38:06.045  INFO 92730 --- [http-nio-8080-exec-5] e.d.s.JWTAuthenticationVerficationFilter : Successful Authentication Verification.
2021-04-20 13:38:06.047  INFO 92730 --- [http-nio-8080-exec-5] e.d.s.JWTAuthenticationVerficationFilter : Successful Authentication Verification.
2021-04-20 13:38:06.049 ERROR 92730 --- [http-nio-8080-exec-5] c.e.demo.controllers.OrderController     : Get Orders Error. User not found. Username: tes2
2021-04-20 13:38:11.033  INFO 92730 --- [http-nio-8080-exec-6] e.d.s.JWTAuthenticationVerficationFilter : Successful Authentication Verification.
2021-04-20 13:38:11.034  INFO 92730 --- [http-nio-8080-exec-6] e.d.s.JWTAuthenticationVerficationFilter : Successful Authentication Verification.
2021-04-20 13:38:11.037 ERROR 92730 --- [http-nio-8080-exec-6] c.e.demo.controllers.OrderController     : Get Orders Error. User not found. Username: tesе
2021-04-20 13:38:20.287  INFO 92730 --- [http-nio-8080-exec-7] e.d.s.JWTAuthenticationVerficationFilter : Successful Authentication Verification.
2021-04-20 13:38:20.289  INFO 92730 --- [http-nio-8080-exec-7] e.d.s.JWTAuthenticationVerficationFilter : Successful Authentication Verification.
2021-04-20 13:38:20.293  INFO 92730 --- [http-nio-8080-exec-7] c.e.demo.controllers.OrderController     : Get Order history successful.
2021-04-20 13:38:33.774  WARN 92730 --- [http-nio-8080-exec-8] e.d.s.JWTAuthenticationVerficationFilter : Warning Authentication Verification. Wrong header in doFilterInternal.
2021-04-20 13:38:33.775  WARN 92730 --- [http-nio-8080-exec-8] e.d.s.JWTAuthenticationVerficationFilter : Warning Authentication Verification. Wrong header in doFilterInternal.
2021-04-20 13:38:33.855  INFO 92730 --- [http-nio-8080-exec-8] c.e.demo.controllers.UserController      : User created. Username: test2
2021-04-20 13:38:44.960  WARN 92730 --- [http-nio-8080-exec-9] e.d.s.JWTAuthenticationVerficationFilter : Warning Authentication Verification. Wrong header in doFilterInternal.
2021-04-20 13:38:44.961  WARN 92730 --- [http-nio-8080-exec-9] e.d.s.JWTAuthenticationVerficationFilter : Warning Authentication Verification. Wrong header in doFilterInternal.
2021-04-20 13:38:45.043  INFO 92730 --- [http-nio-8080-exec-9] c.e.demo.controllers.UserController      : User created. Username: test3
2021-04-20 13:38:51.025  WARN 92730 --- [http-nio-8080-exec-10] e.d.s.JWTAuthenticationVerficationFilter : Warning Authentication Verification. Wrong header in doFilterInternal.
2021-04-20 13:38:51.025  WARN 92730 --- [http-nio-8080-exec-10] e.d.s.JWTAuthenticationVerficationFilter : Warning Authentication Verification. Wrong header in doFilterInternal.
2021-04-20 13:38:51.107  INFO 92730 --- [http-nio-8080-exec-10] c.e.demo.controllers.UserController      : User created. Username: test5
2021-04-20 13:38:55.235  INFO 92730 --- [Thread-3] o.s.s.concurrent.ThreadPoolTaskExecutor  : Shutting down ExecutorService 'applicationTaskExecutor'
2021-04-20 13:38:55.237  INFO 92730 --- [Thread-3] j.LocalContainerEntityManagerFactoryBean : Closing JPA EntityManagerFactory for persistence unit 'default'
2021-04-20 13:38:55.239  INFO 92730 --- [Thread-3] com.zaxxer.hikari.HikariDataSource       : HikariPool-1 - Shutdown initiated...
2021-04-20 13:38:55.242  INFO 92730 --- [Thread-3] com.zaxxer.hikari.HikariDataSource       : HikariPool-1 - Shutdown completed.
